<?xml version="1.0" encoding="UTF-8"?>
<!-- Generated by org.testng.reporters.JUnitReportReporter -->
<testsuite skipped="0" hostname="DESKTOP-EBJ4M8C" name="demo.VerifyTitle" tests="1" failures="0" timestamp="23 Apr 2018 18:55:08 GMT" time="0.012" errors="0">
  <testcase name="titleVerification" time="0.012" classname="demo.VerifyTitle"/>
</testsuite> <!-- demo.VerifyTitle -->
