<?xml version="1.0" encoding="UTF-8"?>
<!-- Generated by org.testng.reporters.JUnitReportReporter -->
<testsuite skipped="0" hostname="DESKTOP-EBJ4M8C" name="demo.Assignment" tests="1" failures="0" timestamp="22 Apr 2018 19:08:47 GMT" time="0.380" errors="0">
  <testcase name="theTest" time="0.380" classname="demo.Assignment"/>
</testsuite> <!-- demo.Assignment -->
