<?xml version="1.0" encoding="UTF-8"?>
<!-- Generated by org.testng.reporters.JUnitReportReporter -->
<testsuite skipped="0" hostname="DESKTOP-EBJ4M8C" name="demo.VerifyTitle" tests="1" failures="0" timestamp="03 Dec 2019 18:04:01 GMT" time="2.434" errors="0">
  <testcase name="titleVerification" time="2.434" classname="demo.VerifyTitle"/>
</testsuite> <!-- demo.VerifyTitle -->
