<?xml version="1.0" encoding="UTF-8"?>
<!-- Generated by org.testng.reporters.JUnitReportReporter -->
<testsuite skipped="0" hostname="DESKTOP-EBJ4M8C" name="demo.CrossBrowser" tests="6" failures="0" timestamp="06 Nov 2018 03:35:09 GMT" time="0.388" errors="0">
  <testcase name="verifyTitle" time="0.008" classname="demo.CrossBrowser"/>
  <testcase name="verifyTitle" time="0.056" classname="demo.CrossBrowser"/>
  <testcase name="verifyTest2" time="0.144" classname="demo.CrossBrowser"/>
  <testcase name="verifyTest2" time="0.044" classname="demo.CrossBrowser"/>
  <testcase name="verifyRadioButton" time="0.108" classname="demo.CrossBrowser"/>
  <testcase name="verifyRadioButton" time="0.028" classname="demo.CrossBrowser"/>
</testsuite> <!-- demo.CrossBrowser -->
